{"level":"info","ts":"2017-07-09T14:06:24.918+0800","caller":"service/logger.go:40","msg":"logger初始化成功","n":0}
{"level":"info","ts":"2017-07-09T14:06:29.923+0800","caller":"service/logger.go:40","msg":"logger初始化成功","n":1}
{"level":"info","ts":"2017-07-09T14:06:34.926+0800","caller":"service/logger.go:40","msg":"logger初始化成功","n":2}
{"level":"info","ts":"2017-07-09T14:06:39.930+0800","caller":"service/logger.go:40","msg":"logger初始化成功","n":3}
{"level":"info","ts":"2017-07-09T14:06:44.935+0800","caller":"service/logger.go:40","msg":"logger初始化成功","n":4}
{"level":"info","ts":"2017-07-09T14:06:49.937+0800","caller":"service/logger.go:40","msg":"logger初始化成功","n":5}
{"level":"info","ts":"2017-07-09T14:06:54.942+0800","caller":"service/logger.go:40","msg":"logger初始化成功","n":6}
{"level":"info","ts":"2017-07-09T14:06:59.946+0800","caller":"service/logger.go:40","msg":"logger初始化成功","n":7}
{"level":"info","ts":"2017-07-09T14:07:04.950+0800","caller":"service/logger.go:40","msg":"logger初始化成功","n":8}
{"level":"info","ts":"2017-07-09T14:07:09.954+0800","caller":"service/logger.go:40","msg":"logger初始化成功","n":9}
{"level":"info","ts":"2017-07-09T14:07:14.955+0800","caller":"service/logger.go:40","msg":"logger初始化成功","n":10}
{"level":"info","ts":"2017-07-09T14:07:19.960+0800","caller":"service/logger.go:40","msg":"logger初始化成功","n":11}
{"level":"info","ts":"2017-07-09T14:07:24.964+0800","caller":"service/logger.go:40","msg":"logger初始化成功","n":12}
{"level":"info","ts":"2017-07-09T14:07:29.968+0800","caller":"service/logger.go:40","msg":"logger初始化成功","n":13}
{"level":"info","ts":"2017-07-09T14:07:34.969+0800","caller":"service/logger.go:40","msg":"logger初始化成功","n":14}
{"level":"info","ts":"2017-07-09T14:07:39.971+0800","caller":"service/logger.go:40","msg":"logger初始化成功","n":15}
{"level":"info","ts":"2017-07-09T14:07:44.975+0800","caller":"service/logger.go:40","msg":"logger初始化成功","n":16}
{"level":"info","ts":"2017-07-09T14:07:49.978+0800","caller":"service/logger.go:40","msg":"logger初始化成功","n":17}
{"level":"info","ts":"2017-07-09T14:07:54.980+0800","caller":"service/logger.go:40","msg":"logger初始化成功","n":18}
{"level":"info","ts":"2017-07-09T14:07:59.985+0800","caller":"service/logger.go:40","msg":"logger初始化成功","n":19}
{"level":"info","ts":"2017-07-09T14:08:04.991+0800","caller":"service/logger.go:40","msg":"logger初始化成功","n":20}
{"level":"info","ts":"2017-07-09T14:08:09.993+0800","caller":"service/logger.go:40","msg":"logger初始化成功","n":21}
{"level":"info","ts":"2017-07-09T14:08:14.996+0800","caller":"service/logger.go:40","msg":"logger初始化成功","n":22}
{"level":"info","ts":"2017-07-09T14:08:19.996+0800","caller":"service/logger.go:40","msg":"logger初始化成功","n":23}
{"level":"info","ts":"2017-07-09T14:08:24.997+0800","caller":"service/logger.go:40","msg":"logger初始化成功","n":24}
{"level":"info","ts":"2017-07-09T14:08:30.002+0800","caller":"service/logger.go:40","msg":"logger初始化成功","n":25}
{"level":"info","ts":"2017-07-09T14:08:35.007+0800","caller":"service/logger.go:40","msg":"logger初始化成功","n":26}
{"level":"info","ts":"2017-07-09T14:08:40.008+0800","caller":"service/logger.go:40","msg":"logger初始化成功","n":27}
{"level":"info","ts":"2017-07-09T14:08:45.009+0800","caller":"service/logger.go:40","msg":"logger初始化成功","n":28}
{"level":"info","ts":"2017-07-09T14:08:50.010+0800","caller":"service/logger.go:40","msg":"logger初始化成功","n":29}
{"level":"info","ts":"2017-07-09T14:08:55.015+0800","caller":"service/logger.go:40","msg":"logger初始化成功","n":30}
{"level":"info","ts":"2017-07-09T14:09:00.020+0800","caller":"service/logger.go:40","msg":"logger初始化成功","n":31}
{"level":"info","ts":"2017-07-09T14:09:05.026+0800","caller":"service/logger.go:40","msg":"logger初始化成功","n":32}
{"level":"info","ts":"2017-07-09T14:09:10.030+0800","caller":"service/logger.go:40","msg":"logger初始化成功","n":33}
{"level":"info","ts":"2017-07-09T14:09:15.030+0800","caller":"service/logger.go:40","msg":"logger初始化成功","n":34}
{"level":"info","ts":"2017-07-09T14:09:20.036+0800","caller":"service/logger.go:40","msg":"logger初始化成功","n":35}
{"level":"info","ts":"2017-07-09T14:09:25.041+0800","caller":"service/logger.go:40","msg":"logger初始化成功","n":36}
{"level":"info","ts":"2017-07-09T14:09:30.042+0800","caller":"service/logger.go:40","msg":"logger初始化成功","n":37}
{"level":"info","ts":"2017-07-09T14:09:35.047+0800","caller":"service/logger.go:40","msg":"logger初始化成功","n":38}
{"level":"info","ts":"2017-07-09T14:09:40.052+0800","caller":"service/logger.go:40","msg":"logger初始化成功","n":39}
{"level":"info","ts":"2017-07-09T14:09:45.054+0800","caller":"service/logger.go:40","msg":"logger初始化成功","n":40}
{"level":"info","ts":"2017-07-09T14:09:50.054+0800","caller":"service/logger.go:40","msg":"logger初始化成功","n":41}
{"level":"info","ts":"2017-07-09T14:09:55.060+0800","caller":"service/logger.go:40","msg":"logger初始化成功","n":42}
{"level":"info","ts":"2017-07-09T14:10:00.060+0800","caller":"service/logger.go:40","msg":"logger初始化成功","n":43}
{"level":"info","ts":"2017-07-09T14:10:05.064+0800","caller":"service/logger.go:40","msg":"logger初始化成功","n":44}
{"level":"info","ts":"2017-07-09T14:10:10.068+0800","caller":"service/logger.go:40","msg":"logger初始化成功","n":45}
{"level":"info","ts":"2017-07-09T14:10:15.074+0800","caller":"service/logger.go:40","msg":"logger初始化成功","n":46}
{"level":"info","ts":"2017-07-09T14:10:20.079+0800","caller":"service/logger.go:40","msg":"logger初始化成功","n":47}
{"level":"info","ts":"2017-07-09T14:10:25.083+0800","caller":"service/logger.go:40","msg":"logger初始化成功","n":48}
{"level":"info","ts":"2017-07-09T14:10:30.085+0800","caller":"service/logger.go:40","msg":"logger初始化成功","n":49}
{"level":"info","ts":"2017-07-09T14:10:35.090+0800","caller":"service/logger.go:40","msg":"logger初始化成功","n":50}
{"level":"info","ts":"2017-07-09T14:10:40.095+0800","caller":"service/logger.go:40","msg":"logger初始化成功","n":51}
{"level":"info","ts":"2017-07-09T14:10:45.096+0800","caller":"service/logger.go:40","msg":"logger初始化成功","n":52}
{"level":"info","ts":"2017-07-09T14:10:50.101+0800","caller":"service/logger.go:40","msg":"logger初始化成功","n":53}
{"level":"info","ts":"2017-07-09T14:10:55.102+0800","caller":"service/logger.go:40","msg":"logger初始化成功","n":54}
{"level":"info","ts":"2017-07-09T14:11:00.106+0800","caller":"service/logger.go:40","msg":"logger初始化成功","n":55}
{"level":"info","ts":"2017-07-09T14:11:05.110+0800","caller":"service/logger.go:40","msg":"logger初始化成功","n":56}
{"level":"info","ts":"2017-07-09T14:11:10.116+0800","caller":"service/logger.go:40","msg":"logger初始化成功","n":57}
{"level":"info","ts":"2017-07-09T14:11:15.118+0800","caller":"service/logger.go:40","msg":"logger初始化成功","n":58}
{"level":"info","ts":"2017-07-09T14:11:20.122+0800","caller":"service/logger.go:40","msg":"logger初始化成功","n":59}
{"level":"info","ts":"2017-07-09T14:11:25.126+0800","caller":"service/logger.go:40","msg":"logger初始化成功","n":60}
{"level":"info","ts":"2017-07-09T14:11:30.131+0800","caller":"service/logger.go:40","msg":"logger初始化成功","n":61}
{"level":"info","ts":"2017-07-09T14:11:35.134+0800","caller":"service/logger.go:40","msg":"logger初始化成功","n":62}
{"level":"info","ts":"2017-07-09T14:11:40.138+0800","caller":"service/logger.go:40","msg":"logger初始化成功","n":63}
{"level":"info","ts":"2017-07-09T14:11:45.141+0800","caller":"service/logger.go:40","msg":"logger初始化成功","n":64}
{"level":"info","ts":"2017-07-09T14:11:50.145+0800","caller":"service/logger.go:40","msg":"logger初始化成功","n":65}
{"level":"info","ts":"2017-07-09T14:11:55.151+0800","caller":"service/logger.go:40","msg":"logger初始化成功","n":66}
{"level":"info","ts":"2017-07-09T14:12:00.154+0800","caller":"service/logger.go:40","msg":"logger初始化成功","n":67}
{"level":"info","ts":"2017-07-09T14:12:05.158+0800","caller":"service/logger.go:40","msg":"logger初始化成功","n":68}
{"level":"info","ts":"2017-07-09T14:12:10.163+0800","caller":"service/logger.go:40","msg":"logger初始化成功","n":69}
{"level":"info","ts":"2017-07-09T14:12:15.168+0800","caller":"service/logger.go:40","msg":"logger初始化成功","n":70}
{"level":"info","ts":"2017-07-09T14:12:20.169+0800","caller":"service/logger.go:40","msg":"logger初始化成功","n":71}
{"level":"info","ts":"2017-07-09T14:12:25.173+0800","caller":"service/logger.go:40","msg":"logger初始化成功","n":72}
{"level":"info","ts":"2017-07-09T14:12:30.178+0800","caller":"service/logger.go:40","msg":"logger初始化成功","n":73}
{"level":"info","ts":"2017-07-09T14:14:06.982+0800","caller":"service/logger.go:43","msg":"logger初始化成功"}
{"level":"fatal","ts":"2017-07-09T14:14:06.982+0800","caller":"service/api_load.go:36","msg":"init mysql error","error":"sql: unknown driver \"mysql\" (forgotten import?)","stacktrace":"go.uber.org/zap.Stack\n\t/Users/sunfei/Documents/Golibs/src/go.uber.org/zap/field.go:191\ngo.uber.org/zap.(*Logger).check\n\t/Users/sunfei/Documents/Golibs/src/go.uber.org/zap/logger.go:301\ngo.uber.org/zap.(*Logger).Fatal\n\t/Users/sunfei/Documents/Golibs/src/go.uber.org/zap/logger.go:235\ngithub.com/rdcloud-io/openapi/service.initMysql\n\t/Users/sunfei/Documents/Golibs/src/github.com/rdcloud-io/openapi/service/api_load.go:36\ngithub.com/rdcloud-io/openapi/service.Start\n\t/Users/sunfei/Documents/Golibs/src/github.com/rdcloud-io/openapi/service/openapi.go:8\ngithub.com/rdcloud-io/openapi/cmd.start\n\t/Users/sunfei/Documents/Golibs/src/github.com/rdcloud-io/openapi/cmd/root.go:82\ngithub.com/spf13/cobra.(*Command).execute\n\t/Users/sunfei/Documents/Golibs/src/github.com/spf13/cobra/command.go:650\ngithub.com/spf13/cobra.(*Command).ExecuteC\n\t/Users/sunfei/Documents/Golibs/src/github.com/spf13/cobra/command.go:737\ngithub.com/spf13/cobra.(*Command).Execute\n\t/Users/sunfei/Documents/Golibs/src/github.com/spf13/cobra/command.go:695\ngithub.com/rdcloud-io/openapi/cmd.Execute\n\t/Users/sunfei/Documents/Golibs/src/github.com/rdcloud-io/openapi/cmd/root.go:46\nmain.main\n\t/Users/sunfei/Documents/Golibs/src/github.com/rdcloud-io/openapi/main.go:20"}
{"level":"info","ts":"2017-07-09T14:14:42.568+0800","caller":"service/logger.go:43","msg":"logger初始化成功"}
{"level":"info","ts":"2017-07-09T14:15:43.824+0800","caller":"service/logger.go:44","msg":"logger初始化成功"}
{"level":"info","ts":"2017-07-09T14:21:43.611+0800","caller":"service/logger.go:44","msg":"logger初始化成功"}
{"level":"debug","ts":"2017-07-09T14:21:43.615+0800","caller":"service/api_load.go:35","msg":"load data","api":{"ID":1,"Domain":"pay","Group":"cashier","Name":"check","Version":"v1","Method":"POST","ProxyMode":1,"UpstreamMode":1,"UpstreamValue":"http://localhost:1324"}}
{"level":"debug","ts":"2017-07-09T14:21:43.615+0800","caller":"service/api_load.go:35","msg":"load data","api":{"ID":2,"Domain":"pay","Group":"cashier","Name":"check","Version":"v2","Method":"POST","ProxyMode":1,"UpstreamMode":1,"UpstreamValue":"http://localhost:1324/a"}}
{"level":"debug","ts":"2017-07-09T14:21:43.615+0800","caller":"service/api_load.go:35","msg":"load data","api":{"ID":3,"Domain":"pay","Group":"cashier","Name":"query","Version":"v1","Method":"GET","ProxyMode":2,"UpstreamMode":1,"UpstreamValue":"http://localhost:1325/pay/cashier/query"}}
{"level":"debug","ts":"2017-07-09T14:21:43.615+0800","caller":"service/api_load.go:35","msg":"load data","api":{"ID":4,"Domain":"http","Group":"info","Name":"get","Version":"v1","Method":"GET","ProxyMode":1,"UpstreamMode":1,"UpstreamValue":"http://httpbin.org"}}
{"level":"debug","ts":"2017-07-09T14:21:43.615+0800","caller":"service/api_load.go:35","msg":"load data","api":{"ID":5,"Domain":"http","Group":"info","Name":"get","Version":"v2","Method":"GET","ProxyMode":2,"UpstreamMode":1,"UpstreamValue":"http://httpbin.org/get"}}
{"level":"info","ts":"2017-07-09T14:26:33.633+0800","caller":"service/logger.go:44","msg":"logger初始化成功"}
{"level":"debug","ts":"2017-07-09T14:26:33.637+0800","caller":"service/api_load.go:44","msg":"api","api":{"Name":"pay.cashier.check.v1","Method":"POST","ProxyMode":1,"UpstreamMode":1,"UpstreamServers":null}}
{"level":"debug","ts":"2017-07-09T14:26:33.637+0800","caller":"service/api_load.go:44","msg":"api","api":{"Name":"pay.cashier.check.v2","Method":"POST","ProxyMode":1,"UpstreamMode":1,"UpstreamServers":null}}
{"level":"debug","ts":"2017-07-09T14:26:33.637+0800","caller":"service/api_load.go:44","msg":"api","api":{"Name":"pay.cashier.query.v1","Method":"GET","ProxyMode":2,"UpstreamMode":1,"UpstreamServers":null}}
{"level":"debug","ts":"2017-07-09T14:26:33.637+0800","caller":"service/api_load.go:44","msg":"api","api":{"Name":"http.info.get.v1","Method":"GET","ProxyMode":1,"UpstreamMode":1,"UpstreamServers":null}}
{"level":"debug","ts":"2017-07-09T14:26:33.637+0800","caller":"service/api_load.go:44","msg":"api","api":{"Name":"http.info.get.v2","Method":"GET","ProxyMode":2,"UpstreamMode":1,"UpstreamServers":null}}
{"level":"info","ts":"2017-07-09T14:29:12.467+0800","caller":"service/logger.go:44","msg":"logger初始化成功"}
{"level":"debug","ts":"2017-07-09T14:29:12.473+0800","caller":"service/api_load.go:55","msg":"api","api":{"Name":"pay.cashier.check.v1","Method":"POST","ProxyMode":1,"UpstreamMode":1,"UpstreamServers":[{"IP":"http://localhost:1324","Load":1}]}}
{"level":"debug","ts":"2017-07-09T14:29:12.473+0800","caller":"service/api_load.go:55","msg":"api","api":{"Name":"pay.cashier.check.v2","Method":"POST","ProxyMode":1,"UpstreamMode":1,"UpstreamServers":[{"IP":"http://localhost:1324/a","Load":1}]}}
{"level":"debug","ts":"2017-07-09T14:29:12.473+0800","caller":"service/api_load.go:55","msg":"api","api":{"Name":"pay.cashier.query.v1","Method":"GET","ProxyMode":2,"UpstreamMode":1,"UpstreamServers":[{"IP":"http://localhost:1325/pay/cashier/query","Load":1}]}}
{"level":"debug","ts":"2017-07-09T14:29:12.473+0800","caller":"service/api_load.go:55","msg":"api","api":{"Name":"http.info.get.v1","Method":"GET","ProxyMode":1,"UpstreamMode":1,"UpstreamServers":[{"IP":"http://httpbin.org","Load":1}]}}
{"level":"debug","ts":"2017-07-09T14:29:12.473+0800","caller":"service/api_load.go:55","msg":"api","api":{"Name":"http.info.get.v2","Method":"GET","ProxyMode":2,"UpstreamMode":1,"UpstreamServers":[{"IP":"http://httpbin.org/get","Load":1}]}}
{"level":"info","ts":"2017-07-09T14:30:20.766+0800","caller":"service/logger.go:44","msg":"logger初始化成功"}
{"level":"debug","ts":"2017-07-09T14:30:20.770+0800","caller":"service/api_load.go:56","msg":"api","api":{"Name":"pay.cashier.check.v1","Method":"POST","ProxyMode":1,"UpstreamMode":1,"UpstreamServers":[{"IP":"http://localhost:1324","Load":1}]}}
{"level":"debug","ts":"2017-07-09T14:30:20.770+0800","caller":"service/api_load.go:56","msg":"api","api":{"Name":"pay.cashier.check.v2","Method":"POST","ProxyMode":1,"UpstreamMode":1,"UpstreamServers":[{"IP":"http://localhost:1324/a","Load":1}]}}
{"level":"debug","ts":"2017-07-09T14:30:20.770+0800","caller":"service/api_load.go:56","msg":"api","api":{"Name":"pay.cashier.query.v1","Method":"GET","ProxyMode":2,"UpstreamMode":1,"UpstreamServers":[{"IP":"http://localhost:1325/pay/cashier/query","Load":1}]}}
{"level":"debug","ts":"2017-07-09T14:30:20.770+0800","caller":"service/api_load.go:56","msg":"api","api":{"Name":"http.info.get.v1","Method":"GET","ProxyMode":1,"UpstreamMode":1,"UpstreamServers":[{"IP":"http://httpbin.org","Load":1}]}}
{"level":"debug","ts":"2017-07-09T14:30:20.770+0800","caller":"service/api_load.go:56","msg":"api","api":{"Name":"http.info.get.v2","Method":"GET","ProxyMode":2,"UpstreamMode":1,"UpstreamServers":[{"IP":"http://httpbin.org/get","Load":1}]}}
{"level":"info","ts":"2017-07-09T14:33:15.768+0800","caller":"service/logger.go:44","msg":"logger初始化成功"}
{"level":"debug","ts":"2017-07-09T14:33:15.772+0800","caller":"service/api_load.go:56","msg":"api","api":{"Name":"pay.cashier.check.v1","Method":"POST","ProxyMode":1,"UpstreamMode":1,"UpstreamServers":[{"IP":"http://localhost:1324","Load":1}]}}
{"level":"debug","ts":"2017-07-09T14:33:15.773+0800","caller":"service/api_load.go:56","msg":"api","api":{"Name":"pay.cashier.check.v2","Method":"POST","ProxyMode":1,"UpstreamMode":1,"UpstreamServers":[{"IP":"http://localhost:1324/a","Load":1}]}}
{"level":"debug","ts":"2017-07-09T14:33:15.773+0800","caller":"service/api_load.go:56","msg":"api","api":{"Name":"pay.cashier.query.v1","Method":"GET","ProxyMode":2,"UpstreamMode":1,"UpstreamServers":[{"IP":"http://localhost:1325/pay/cashier/query","Load":1}]}}
{"level":"debug","ts":"2017-07-09T14:33:15.773+0800","caller":"service/api_load.go:56","msg":"api","api":{"Name":"http.info.get.v1","Method":"GET","ProxyMode":1,"UpstreamMode":1,"UpstreamServers":[{"IP":"http://httpbin.org","Load":1}]}}
{"level":"debug","ts":"2017-07-09T14:33:15.773+0800","caller":"service/api_load.go:56","msg":"api","api":{"Name":"http.info.get.v2","Method":"GET","ProxyMode":2,"UpstreamMode":1,"UpstreamServers":[{"IP":"http://httpbin.org/get","Load":1}]}}
{"level":"info","ts":"2017-07-09T14:34:49.614+0800","caller":"service/logger.go:44","msg":"logger初始化成功"}
{"level":"debug","ts":"2017-07-09T14:34:49.618+0800","caller":"service/api_load.go:56","msg":"api","api":{"Name":"pay.cashier.check.v1","Method":"POST","ProxyMode":1,"UpstreamMode":1,"UpstreamServers":[{"IP":"http://localhost:1324","Load":1}]}}
{"level":"debug","ts":"2017-07-09T14:34:49.618+0800","caller":"service/api_load.go:56","msg":"api","api":{"Name":"pay.cashier.check.v2","Method":"POST","ProxyMode":1,"UpstreamMode":1,"UpstreamServers":[{"IP":"http://localhost:1324/a","Load":1}]}}
{"level":"debug","ts":"2017-07-09T14:34:49.618+0800","caller":"service/api_load.go:56","msg":"api","api":{"Name":"pay.cashier.query.v1","Method":"GET","ProxyMode":2,"UpstreamMode":1,"UpstreamServers":[{"IP":"http://localhost:1325/pay/cashier/query","Load":1}]}}
{"level":"debug","ts":"2017-07-09T14:34:49.618+0800","caller":"service/api_load.go:56","msg":"api","api":{"Name":"http.info.get.v1","Method":"GET","ProxyMode":1,"UpstreamMode":1,"UpstreamServers":[{"IP":"http://httpbin.org","Load":1}]}}
{"level":"debug","ts":"2017-07-09T14:34:49.618+0800","caller":"service/api_load.go:56","msg":"api","api":{"Name":"http.info.get.v2","Method":"GET","ProxyMode":2,"UpstreamMode":1,"UpstreamServers":[{"IP":"http://httpbin.org/get","Load":1}]}}
